Using pre-set license
Built from '2020.3/staging' branch; Version is '2020.3.14f1 (d0d1bb862f9d) revision 13685179'; Using compiler version '192528614'; Build Type 'Release'
OS: 'Windows 10 Home; OS build 19042.1110; Version 2009; 64bit' Language: 'en' Physical Memory: 32742 MB
BatchMode: 1, IsHumanControllingUs: 0, StartBugReporterOnCrash: 0, Is64bit: 1, IsPro: 0

 COMMAND LINE ARGUMENTS:
C:\Program Files\Unity\2020.3.14f1\Editor\Unity.exe
-adb2
-batchMode
-noUpm
-name
AssetImportWorker0
-projectPath
C:/Documents/Repositories/FootIK
-logFile
Logs/AssetImportWorker0.log
-srvPort
64655
Successfully changed project path to: C:/Documents/Repositories/FootIK
C:/Documents/Repositories/FootIK
Using Asset Import Pipeline V2.
Refreshing native plugins compatible for Editor in 59.79 ms, found 2 plugins.
Preloading 0 native plugins for Editor in 0.00 ms.
Initialize engine version: 2020.3.14f1 (d0d1bb862f9d)
[Subsystems] Discovering subsystems at path C:/Program Files/Unity/2020.3.14f1/Editor/Data/Resources/UnitySubsystems
[Subsystems] Discovering subsystems at path C:/Documents/Repositories/FootIK/Assets
GfxDevice: creating device client; threaded=0
Direct3D:
    Version:  Direct3D 11.0 [level 11.1]
    Renderer: NVIDIA GeForce RTX 2060 (ID=0x1e89)
    Vendor:   
    VRAM:     5967 MB
    Driver:   27.21.14.6589
Initialize mono
Mono path[0] = 'C:/Program Files/Unity/2020.3.14f1/Editor/Data/Managed'
Mono path[1] = 'C:/Program Files/Unity/2020.3.14f1/Editor/Data/MonoBleedingEdge/lib/mono/unityjit'
Mono config path = 'C:/Program Files/Unity/2020.3.14f1/Editor/Data/MonoBleedingEdge/etc'
Using monoOptions --debugger-agent=transport=dt_socket,embedding=1,server=y,suspend=n,address=127.0.0.1:56588
Begin MonoManager ReloadAssembly
Registering precompiled unity dll's ...
Register platform support module: C:/Program Files/Unity/2020.3.14f1/Editor/Data/PlaybackEngines/WindowsStandaloneSupport/UnityEditor.WindowsStandalone.Extensions.dll
Registered in 0.003604 seconds.
Native extension for WindowsStandalone target not found
Refreshing native plugins compatible for Editor in 51.09 ms, found 2 plugins.
Preloading 0 native plugins for Editor in 0.00 ms.
Mono: successfully reloaded assembly
- Completed reload, in  2.878 seconds
Domain Reload Profiling:
	ReloadAssembly (2878ms)
		BeginReloadAssembly (84ms)
			ExecutionOrderSort (0ms)
			DisableScriptedObjects (0ms)
			BackupInstance (0ms)
			ReleaseScriptingObjects (0ms)
			CreateAndSetChildDomain (1ms)
		EndReloadAssembly (642ms)
			LoadAssemblies (80ms)
			RebuildTransferFunctionScriptingTraits (0ms)
			SetupTypeCache (254ms)
			ReleaseScriptCaches (0ms)
			RebuildScriptCaches (49ms)
			SetupLoadedEditorAssemblies (236ms)
				LogAssemblyErrors (0ms)
				InitializePlatformSupportModulesInManaged (6ms)
				SetLoadedEditorAssemblies (0ms)
				RefreshPlugins (51ms)
				BeforeProcessingInitializeOnLoad (20ms)
				ProcessInitializeOnLoadAttributes (117ms)
				ProcessInitializeOnLoadMethodAttributes (41ms)
				AfterProcessingInitializeOnLoad (0ms)
				EditorAssembliesLoaded (0ms)
			ExecutionOrderSort2 (0ms)
			AwakeInstancesAfterBackupRestoration (0ms)
Platform modules already initialized, skipping
Registering precompiled user dll's ...
Registered in 0.007965 seconds.
Begin MonoManager ReloadAssembly
Native extension for WindowsStandalone target not found
Refreshing native plugins compatible for Editor in 0.60 ms, found 2 plugins.
Preloading 0 native plugins for Editor in 0.00 ms.
Mono: successfully reloaded assembly
- Completed reload, in  2.435 seconds
Domain Reload Profiling:
	ReloadAssembly (2436ms)
		BeginReloadAssembly (233ms)
			ExecutionOrderSort (0ms)
			DisableScriptedObjects (8ms)
			BackupInstance (0ms)
			ReleaseScriptingObjects (0ms)
			CreateAndSetChildDomain (27ms)
		EndReloadAssembly (2095ms)
			LoadAssemblies (137ms)
			RebuildTransferFunctionScriptingTraits (0ms)
			SetupTypeCache (478ms)
			ReleaseScriptCaches (1ms)
			RebuildScriptCaches (71ms)
			SetupLoadedEditorAssemblies (1260ms)
				LogAssemblyErrors (0ms)
				InitializePlatformSupportModulesInManaged (7ms)
				SetLoadedEditorAssemblies (1ms)
				RefreshPlugins (1ms)
				BeforeProcessingInitializeOnLoad (142ms)
				ProcessInitializeOnLoadAttributes (1092ms)
				ProcessInitializeOnLoadMethodAttributes (6ms)
				AfterProcessingInitializeOnLoad (12ms)
				EditorAssembliesLoaded (0ms)
			ExecutionOrderSort2 (0ms)
			AwakeInstancesAfterBackupRestoration (10ms)
Platform modules already initialized, skipping
========================================================================
Worker process is ready to serve import requests
Launched and connected shader compiler UnityShaderCompiler.exe after 0.05 seconds
Refreshing native plugins compatible for Editor in 0.60 ms, found 2 plugins.
Preloading 0 native plugins for Editor in 0.00 ms.
Unloading 1773 Unused Serialized files (Serialized files now loaded: 0)
System memory in use before: 96.5 MB.
System memory in use after: 96.5 MB.

Unloading 20 unused Assets to reduce memory usage. Loaded Objects now: 2222.
Total: 3.237000 ms (FindLiveObjects: 0.355900 ms CreateObjectMapping: 0.090700 ms MarkObjects: 2.632300 ms  DeleteObjects: 0.156500 ms)

AssetImportParameters requested are different than current active one (requested -> active):
  custom:framework-win-MediaFoundation: 216162199b28c13a410421893ffa2e32 -> 
  custom:video-decoder-ogg-theora: a1e56fd34408186e4bbccfd4996cb3dc -> 
  custom:container-muxer-webm: aa71ff27fc2769a1b78a27578f13a17b -> 
  custom:container-demuxer-webm: 4f35f7cbe854078d1ac9338744f61a02 -> 
  custom:container-demuxer-ogg: 62fdf1f143b41e24485cea50d1cbac27 -> 
  custom:video-encoder-webm-vp8: eb34c28f22e8b96e1ab97ce403110664 -> 
  custom:video-decoder-webm-vp8: 9c59270c3fd7afecdb556c50c9e8de78 -> 
  custom:audio-decoder-ogg-vorbis: bf7c407c2cedff20999df2af8eb42d56 -> 
  custom:audio-encoder-webm-vorbis: bf7c407c2cedff20999df2af8eb42d56 -> 
========================================================================
Received Import Request.
  path: Assets/TestingAssets
  artifactKey: Guid(c6751abbec576aa44b643632aa79b675) Importer(815301076,1909f56bfc062723c751e8b465ee728b)
Start importing Assets/TestingAssets using Guid(c6751abbec576aa44b643632aa79b675) Importer(815301076,1909f56bfc062723c751e8b465ee728b)  -> (artifact id: '74f5675bde2a8de08cbcb6d0cbe41119') in 0.011881 seconds 
  Import took 0.015346 seconds .

========================================================================
Received Import Request.
  Time since last request: 12.585531 seconds.
  path: Assets/FootIK/Scenes/New Terrain.asset
  artifactKey: Guid(15e03a2f6abc1de459caa1d02f7fd155) Importer(815301076,1909f56bfc062723c751e8b465ee728b)
Start importing Assets/FootIK/Scenes/New Terrain.asset using Guid(15e03a2f6abc1de459caa1d02f7fd155) Importer(815301076,1909f56bfc062723c751e8b465ee728b)  -> (artifact id: '9188475ddb543ec6630c8dbdfae2db53') in 0.046939 seconds 
  Import took 0.050682 seconds .

========================================================================
Received Import Request.
  Time since last request: 0.000287 seconds.
  path: Assets/FootIK/Scenes/SampleScene 1.unity
  artifactKey: Guid(0b50587b8a80e77409f5cce90905101d) Importer(815301076,1909f56bfc062723c751e8b465ee728b)
Start importing Assets/FootIK/Scenes/SampleScene 1.unity using Guid(0b50587b8a80e77409f5cce90905101d) Importer(815301076,1909f56bfc062723c751e8b465ee728b)  -> (artifact id: '1096fef0ca6f69cc29922a90b23b46f5') in 0.011260 seconds 
  Import took 0.014618 seconds .

========================================================================
Received Import Request.
  Time since last request: 27.135031 seconds.
  path: Assets/TestingAssets/Scene
  artifactKey: Guid(f3594d2e9c942a5429cab447fb44c3ee) Importer(815301076,1909f56bfc062723c751e8b465ee728b)
Start importing Assets/TestingAssets/Scene using Guid(f3594d2e9c942a5429cab447fb44c3ee) Importer(815301076,1909f56bfc062723c751e8b465ee728b)  -> (artifact id: '804edfe51a67d256d944eed529224254') in 0.010672 seconds 
  Import took 0.014634 seconds .

========================================================================
Received Import Request.
  Time since last request: 0.000752 seconds.
  path: Assets/TestingAssets/Scene
  artifactKey: Guid(f3594d2e9c942a5429cab447fb44c3ee) Importer(815301076,1909f56bfc062723c751e8b465ee728b)
Start importing Assets/TestingAssets/Scene using Guid(f3594d2e9c942a5429cab447fb44c3ee) Importer(815301076,1909f56bfc062723c751e8b465ee728b)  -> (artifact id: '804edfe51a67d256d944eed529224254') in 0.003354 seconds 
  Import took 0.007370 seconds .

========================================================================
Received Import Request.
  Time since last request: 6.219394 seconds.
  path: Assets/TestingAssets/Prefabs
  artifactKey: Guid(3cfb9643e5ef21d4d929ff6592c3f762) Importer(815301076,1909f56bfc062723c751e8b465ee728b)
Start importing Assets/TestingAssets/Prefabs using Guid(3cfb9643e5ef21d4d929ff6592c3f762) Importer(815301076,1909f56bfc062723c751e8b465ee728b)  -> (artifact id: '1de12384c59017c4d37b57aaab8f848d') in 0.008106 seconds 
  Import took 0.012073 seconds .

========================================================================
Received Import Request.
  Time since last request: 0.001940 seconds.
  path: Assets/TestingAssets/Prefabs
  artifactKey: Guid(3cfb9643e5ef21d4d929ff6592c3f762) Importer(815301076,1909f56bfc062723c751e8b465ee728b)
Start importing Assets/TestingAssets/Prefabs using Guid(3cfb9643e5ef21d4d929ff6592c3f762) Importer(815301076,1909f56bfc062723c751e8b465ee728b)  -> (artifact id: '1de12384c59017c4d37b57aaab8f848d') in 0.003047 seconds 
  Import took 0.006688 seconds .

========================================================================
Received Import Request.
  Time since last request: 13.842439 seconds.
  path: Assets/TestingAssets/Scene/Terrain.asset
  artifactKey: Guid(15e03a2f6abc1de459caa1d02f7fd155) Importer(815301076,1909f56bfc062723c751e8b465ee728b)
Start importing Assets/TestingAssets/Scene/Terrain.asset using Guid(15e03a2f6abc1de459caa1d02f7fd155) Importer(815301076,1909f56bfc062723c751e8b465ee728b)  -> (artifact id: 'fe4516e70e00db7e2fc45c3f9e79e90f') in 0.016670 seconds 
  Import took 0.020423 seconds .

========================================================================
Received Import Request.
  Time since last request: 12.797433 seconds.
  path: Assets/FootIK/Scenes/SampleScene.unity
  artifactKey: Guid(9fc0d4010bbf28b4594072e72b8655ab) Importer(815301076,1909f56bfc062723c751e8b465ee728b)
Start importing Assets/FootIK/Scenes/SampleScene.unity using Guid(9fc0d4010bbf28b4594072e72b8655ab) Importer(815301076,1909f56bfc062723c751e8b465ee728b)  -> (artifact id: 'c84a4b72b355130d9b9e5ea6f452e718') in 0.012268 seconds 
  Import took 0.015833 seconds .

========================================================================
Received Import Request.
  Time since last request: 2.439065 seconds.
  path: Assets/FootIK/Scenes/SampleScene 1.unity
  artifactKey: Guid(0f4f29b6394396042aaa2e1e3aa8add1) Importer(815301076,1909f56bfc062723c751e8b465ee728b)
Start importing Assets/FootIK/Scenes/SampleScene 1.unity using Guid(0f4f29b6394396042aaa2e1e3aa8add1) Importer(815301076,1909f56bfc062723c751e8b465ee728b)  -> (artifact id: 'bdc10b837d5f0ec05c66430cd3a3b8d7') in 0.003717 seconds 
  Import took 0.007304 seconds .

========================================================================
Received Import Request.
  Time since last request: 154.788187 seconds.
  path: Assets/TestingAssets/Prefabs/Environment.prefab
  artifactKey: Guid(e4a1d3e8c9709c0489ca384e0925b7e8) Importer(815301076,1909f56bfc062723c751e8b465ee728b)
Start importing Assets/TestingAssets/Prefabs/Environment.prefab using Guid(e4a1d3e8c9709c0489ca384e0925b7e8) Importer(815301076,1909f56bfc062723c751e8b465ee728b)  -> (artifact id: '31f8398ee528b0fde1396f595f8dfad3') in 0.113989 seconds 
  Import took 0.118077 seconds .

========================================================================
Received Import Request.
  Time since last request: 9.213850 seconds.
  path: Assets/TestingAssets/Materials
  artifactKey: Guid(e64f72154c3cee54faddff0fe3d8e600) Importer(815301076,1909f56bfc062723c751e8b465ee728b)
Start importing Assets/TestingAssets/Materials using Guid(e64f72154c3cee54faddff0fe3d8e600) Importer(815301076,1909f56bfc062723c751e8b465ee728b)  -> (artifact id: 'd500cdef0f49a56c4c1508ec978e7364') in 0.009109 seconds 
  Import took 0.012918 seconds .

========================================================================
Received Import Request.
  Time since last request: 17.310941 seconds.
  path: Assets/TestingAssets/Materials/Obsticle.mat
  artifactKey: Guid(b0447f6e9becf3f45a64ae7715d31433) Importer(815301076,1909f56bfc062723c751e8b465ee728b)
Start importing Assets/TestingAssets/Materials/Obsticle.mat using Guid(b0447f6e9becf3f45a64ae7715d31433) Importer(815301076,1909f56bfc062723c751e8b465ee728b)  -> (artifact id: '9814d6b6dc03113931fa7ad5fdfcc979') in 0.064495 seconds 
  Import took 0.069229 seconds .

========================================================================
Received Import Request.
  Time since last request: 33.761602 seconds.
  path: Assets/TestingAssets/Materials/Obsticle.mat
  artifactKey: Guid(b0447f6e9becf3f45a64ae7715d31433) Importer(815301076,1909f56bfc062723c751e8b465ee728b)
Start importing Assets/TestingAssets/Materials/Obsticle.mat using Guid(b0447f6e9becf3f45a64ae7715d31433) Importer(815301076,1909f56bfc062723c751e8b465ee728b)  -> (artifact id: '1f785cf0ba66e1887f3f3fbc520deae3') in 0.017684 seconds 
  Import took 0.022350 seconds .

========================================================================
Received Import Request.
  Time since last request: 4.010041 seconds.
  path: Assets/TestingAssets/Materials/Terrain.mat
  artifactKey: Guid(68e39390e2529ad4cb4a7220a1c1f9c1) Importer(815301076,1909f56bfc062723c751e8b465ee728b)
Start importing Assets/TestingAssets/Materials/Terrain.mat using Guid(68e39390e2529ad4cb4a7220a1c1f9c1) Importer(815301076,1909f56bfc062723c751e8b465ee728b)  -> (artifact id: '5c3755c60b7aeaf6168e65ecb30b4faa') in 0.016867 seconds 
  Import took 0.020855 seconds .

========================================================================
Received Import Request.
  Time since last request: 66.611561 seconds.
  path: Assets/TestingAssets/Materials/Terrain.terrainlayer
  artifactKey: Guid(38d285ae4b42bb740901758ab8bd67a8) Importer(815301076,1909f56bfc062723c751e8b465ee728b)
Start importing Assets/TestingAssets/Materials/Terrain.terrainlayer using Guid(38d285ae4b42bb740901758ab8bd67a8) Importer(815301076,1909f56bfc062723c751e8b465ee728b)  -> (artifact id: 'e9c9990f164fbee9d517a844b6dc3b4c') in 0.022869 seconds 
  Import took 0.026778 seconds .

========================================================================
Received Import Request.
  Time since last request: 370.188954 seconds.
  path: Assets/TestingAssets/Materials/Obsticle.mat
  artifactKey: Guid(b0447f6e9becf3f45a64ae7715d31433) Importer(815301076,1909f56bfc062723c751e8b465ee728b)
Start importing Assets/TestingAssets/Materials/Obsticle.mat using Guid(b0447f6e9becf3f45a64ae7715d31433) Importer(815301076,1909f56bfc062723c751e8b465ee728b)  -> (artifact id: '3f8c1a57203d5c95301b39a4e6bda1a6') in 0.018955 seconds 
  Import took 0.023557 seconds .

========================================================================
Received Import Request.
  Time since last request: 0.000292 seconds.
  path: Assets/TestingAssets/Materials/Terrain.mat
  artifactKey: Guid(68e39390e2529ad4cb4a7220a1c1f9c1) Importer(815301076,1909f56bfc062723c751e8b465ee728b)
Start importing Assets/TestingAssets/Materials/Terrain.mat using Guid(68e39390e2529ad4cb4a7220a1c1f9c1) Importer(815301076,1909f56bfc062723c751e8b465ee728b)  -> (artifact id: '0cf2f24a213b65cbf047abc3ef1d7d0f') in 0.018699 seconds 
  Import took 0.023040 seconds .

========================================================================
Received Import Request.
  Time since last request: 5.063911 seconds.
  path: Assets/TestingAssets/Materials/Walkable.mat
  artifactKey: Guid(02d2a3b8cbccec34db8c88d396de845b) Importer(815301076,1909f56bfc062723c751e8b465ee728b)
Start importing Assets/TestingAssets/Materials/Walkable.mat using Guid(02d2a3b8cbccec34db8c88d396de845b) Importer(815301076,1909f56bfc062723c751e8b465ee728b)  -> (artifact id: '8ec28bf4c6a37aa1bb8c3727ec97f840') in 0.020280 seconds 
  Import took 0.024726 seconds .

========================================================================
Received Import Request.
  Time since last request: 126.792355 seconds.
  path: Assets/TestingAssets/Prefabs/Environment.prefab
  artifactKey: Guid(e4a1d3e8c9709c0489ca384e0925b7e8) Importer(815301076,1909f56bfc062723c751e8b465ee728b)
Start importing Assets/TestingAssets/Prefabs/Environment.prefab using Guid(e4a1d3e8c9709c0489ca384e0925b7e8) Importer(815301076,1909f56bfc062723c751e8b465ee728b)  -> (artifact id: '47298c54b12dd727c613bcdd10a00743') in 0.018599 seconds 
  Import took 0.023104 seconds .

========================================================================
Received Import Request.
  Time since last request: 4.824859 seconds.
  path: Assets/TestingAssets/Scene/Terrain.asset
  artifactKey: Guid(15e03a2f6abc1de459caa1d02f7fd155) Importer(815301076,1909f56bfc062723c751e8b465ee728b)
Start importing Assets/TestingAssets/Scene/Terrain.asset using Guid(15e03a2f6abc1de459caa1d02f7fd155) Importer(815301076,1909f56bfc062723c751e8b465ee728b)  -> (artifact id: '7ac9544ceb6b865bed09abd168acad3a') in 0.004408 seconds 
  Import took 0.008313 seconds .

========================================================================
Received Import Request.
  Time since last request: 27.816651 seconds.
  path: Assets/TestingAssets/Scene/SampleScene 1.unity
  artifactKey: Guid(0f4f29b6394396042aaa2e1e3aa8add1) Importer(815301076,1909f56bfc062723c751e8b465ee728b)
Start importing Assets/TestingAssets/Scene/SampleScene 1.unity using Guid(0f4f29b6394396042aaa2e1e3aa8add1) Importer(815301076,1909f56bfc062723c751e8b465ee728b)  -> (artifact id: '415c43db7369ac717d14be23b6a11de1') in 0.003645 seconds 
  Import took 0.007441 seconds .

========================================================================
Received Import Request.
  Time since last request: 0.013265 seconds.
  path: Assets/TestingAssets/Materials/Walkable.mat
  artifactKey: Guid(02d2a3b8cbccec34db8c88d396de845b) Importer(815301076,1909f56bfc062723c751e8b465ee728b)
Start importing Assets/TestingAssets/Materials/Walkable.mat using Guid(02d2a3b8cbccec34db8c88d396de845b) Importer(815301076,1909f56bfc062723c751e8b465ee728b)  -> (artifact id: 'af50c8ff32fd2fc1843ea10f8efa9962') in 0.017326 seconds 
  Import took 0.021091 seconds .

========================================================================
Received Import Request.
  Time since last request: 16.308860 seconds.
  path: Assets/TestingAssets/Scene/SampleScene 1.unity
  artifactKey: Guid(0f4f29b6394396042aaa2e1e3aa8add1) Importer(815301076,1909f56bfc062723c751e8b465ee728b)
Start importing Assets/TestingAssets/Scene/SampleScene 1.unity using Guid(0f4f29b6394396042aaa2e1e3aa8add1) Importer(815301076,1909f56bfc062723c751e8b465ee728b)  -> (artifact id: 'ce36e0d2534a618363f422061c48c3c6') in 0.004224 seconds 
  Import took 0.008052 seconds .

AssetImportWorkerClient::OnTransportError - code=2 error=End of file
